<?xml version="1.0" encoding="UTF-8"?>
<testsuite xmlns:xsi="http://www.w3.org/2001/XMLSchema-instance" xsi:noNamespaceSchemaLocation="https://maven.apache.org/surefire/maven-surefire-plugin/xsd/surefire-test-report-3.0.xsd" version="3.0" name="ru.nikita.Bot.TelegramBotApplicationTests" time="3.264" tests="1" errors="0" skipped="0" failures="0">
  <properties>
[...]
</properties>
  <testcase name="contextLoads" classname="ru.nikita.Bot.TelegramBotApplicationTests" time="0.761">
    <system-out><![CDATA[22:21:09.542 [main] INFO org.springframework.test.context.support.AnnotationConfigContextLoaderUtils -- Could not detect default configuration classes for test class [ru.nikita.Bot.TelegramBotApplicationTests]: TelegramBotApplicationTests does not declare any static, non-private, non-final, nested classes annotated with @Configuration.
22:21:09.618 [main] INFO org.springframework.boot.test.context.SpringBootTestContextBootstrapper -- Found @SpringBootConfiguration ru.nikita.Bot.TelegramBotApplication for test class ru.nikita.Bot.TelegramBotApplicationTests

  .   ____          _            __ _ _
 /\\ / ___'_ __ _ _(_)_ __  __ _ \ \ \ \
( ( )\___ | '_ | '_| | '_ \/ _` | \ \ \ \
 \\/  ___)| |_)| | | | | || (_| |  ) ) ) )
  '  |____| .__|_| |_|_| |_\__, | / / / /
 =========|_|==============|___/=/_/_/_/
 :: Spring Boot ::                (v3.2.5)

2024-06-13T22:21:09.960+05:00  WARN 9860 --- [TelegramBot] [           main] ory$DuplicateJsonObjectContextCustomizer : 

Found multiple occurrences of org.json.JSONObject on the class path:

	jar:file:/C:/Users/%d0%bd%d0%b8%d0%ba%d0%b8%d1%82%d0%b0/.m2/repository/org/json/json/20170516/json-20170516.jar!/org/json/JSONObject.class
	jar:file:/C:/Users/%d0%bd%d0%b8%d0%ba%d0%b8%d1%82%d0%b0/.m2/repository/com/vaadin/external/google/android-json/0.0.20131108.vaadin1/android-json-0.0.20131108.vaadin1.jar!/org/json/JSONObject.class

You may wish to exclude one of them to ensure predictable runtime behavior

2024-06-13T22:21:09.974+05:00  INFO 9860 --- [TelegramBot] [           main] r.n.Bot.TelegramBotApplicationTests      : Starting TelegramBotApplicationTests using Java 22 with PID 9860 (started by никита in C:\Users\никита\Desktop\Nikita)
2024-06-13T22:21:09.975+05:00  INFO 9860 --- [TelegramBot] [           main] r.n.Bot.TelegramBotApplicationTests      : No active profile set, falling back to 1 default profile: "default"
2024-06-13T22:21:11.917+05:00  INFO 9860 --- [TelegramBot] [           main] r.n.Bot.TelegramBotApplicationTests      : Started TelegramBotApplicationTests in 2.196 seconds (process running for 2.929)
]]></system-out>
    <system-err><![CDATA[WARNING: A Java agent has been loaded dynamically (C:\Users\íèêèòà\.m2\repository\net\bytebuddy\byte-buddy-agent\1.14.13\byte-buddy-agent-1.14.13.jar)
WARNING: If a serviceability tool is in use, please run with -XX:+EnableDynamicAgentLoading to hide this warning
WARNING: If a serviceability tool is not in use, please run with -Djdk.instrument.traceUsage for more information
WARNING: Dynamic loading of agents will be disallowed by default in a future release
]]></system-err>
  </testcase>
</testsuite>